#! /usr/bin/vvp
:ivl_version "12.0 (stable)";
:ivl_delay_selection "TYPICAL";
:vpi_time_precision + 0;
:vpi_module "/usr/lib/x86_64-linux-gnu/ivl/system.vpi";
:vpi_module "/usr/lib/x86_64-linux-gnu/ivl/vhdl_sys.vpi";
:vpi_module "/usr/lib/x86_64-linux-gnu/ivl/vhdl_textio.vpi";
:vpi_module "/usr/lib/x86_64-linux-gnu/ivl/v2005_math.vpi";
:vpi_module "/usr/lib/x86_64-linux-gnu/ivl/va_math.vpi";
S_0x563ad0bfcd30 .scope module, "tb" "tb" 2 1;
 .timescale 0 0;
v0x563ad0c133d0_0 .var "clk", 0 0;
v0x563ad0c13490_0 .var "codigo", 2 0;
v0x563ad0c13530 .array "dados_arquivo", 3 0, 11 0;
v0x563ad0c135d0_0 .var "entrada", 7 0;
v0x563ad0c136a0_0 .var/i "i", 31 0;
v0x563ad0c137b0_0 .var "rst", 0 0;
v0x563ad0c13850_0 .net "saida", 7 0, v0x563ad0c13250_0;  1 drivers
S_0x563ad0bfcec0 .scope module, "c" "calculadora_sincrona" 2 13, 3 1 0, S_0x563ad0bfcd30;
 .timescale 0 0;
    .port_info 0 /INPUT 1 "clk";
    .port_info 1 /INPUT 1 "rst";
    .port_info 2 /INPUT 8 "entrada";
    .port_info 3 /INPUT 3 "codigo";
    .port_info 4 /OUTPUT 8 "saida";
v0x563ad0bfd0c0_0 .var "acumulador", 7 0;
v0x563ad0c12ee0_0 .net "clk", 0 0, v0x563ad0c133d0_0;  1 drivers
v0x563ad0c12fa0_0 .net "codigo", 2 0, v0x563ad0c13490_0;  1 drivers
v0x563ad0c13060_0 .net "entrada", 7 0, v0x563ad0c135d0_0;  1 drivers
v0x563ad0c13140_0 .net "rst", 0 0, v0x563ad0c137b0_0;  1 drivers
v0x563ad0c13250_0 .var "saida", 7 0;
E_0x563ad0bc26a0 .event posedge, v0x563ad0c13140_0, v0x563ad0c12ee0_0;
    .scope S_0x563ad0bfcec0;
T_0 ;
    %wait E_0x563ad0bc26a0;
    %load/vec4 v0x563ad0c13140_0;
    %pad/u 32;
    %cmpi/e 1, 0, 32;
    %jmp/0xz  T_0.0, 4;
    %pushi/vec4 0, 0, 8;
    %assign/vec4 v0x563ad0bfd0c0_0, 0;
    %pushi/vec4 0, 0, 8;
    %assign/vec4 v0x563ad0c13250_0, 0;
    %jmp T_0.1;
T_0.0 ;
    %load/vec4 v0x563ad0c12fa0_0;
    %dup/vec4;
    %pushi/vec4 1, 0, 3;
    %cmp/u;
    %jmp/1 T_0.2, 6;
    %dup/vec4;
    %pushi/vec4 2, 0, 3;
    %cmp/u;
    %jmp/1 T_0.3, 6;
    %load/vec4 v0x563ad0bfd0c0_0;
    %assign/vec4 v0x563ad0bfd0c0_0, 0;
    %jmp T_0.5;
T_0.2 ;
    %load/vec4 v0x563ad0bfd0c0_0;
    %load/vec4 v0x563ad0c13060_0;
    %add;
    %assign/vec4 v0x563ad0bfd0c0_0, 0;
    %jmp T_0.5;
T_0.3 ;
    %load/vec4 v0x563ad0bfd0c0_0;
    %load/vec4 v0x563ad0c13060_0;
    %sub;
    %assign/vec4 v0x563ad0bfd0c0_0, 0;
    %jmp T_0.5;
T_0.5 ;
    %pop/vec4 1;
    %load/vec4 v0x563ad0c12fa0_0;
    %cmpi/e 3, 0, 3;
    %jmp/0xz  T_0.6, 4;
    %load/vec4 v0x563ad0bfd0c0_0;
    %assign/vec4 v0x563ad0c13250_0, 0;
    %jmp T_0.7;
T_0.6 ;
    %load/vec4 v0x563ad0c13060_0;
    %assign/vec4 v0x563ad0c13250_0, 0;
T_0.7 ;
T_0.1 ;
    %jmp T_0;
    .thread T_0;
    .scope S_0x563ad0bfcd30;
T_1 ;
    %delay 1, 0;
    %load/vec4 v0x563ad0c133d0_0;
    %pushi/vec4 0, 0, 1;
    %cmp/e;
    %flag_get/vec4 6;
    %store/vec4 v0x563ad0c133d0_0, 0, 1;
    %jmp T_1;
    .thread T_1;
    .scope S_0x563ad0bfcd30;
T_2 ;
    %vpi_call 2 27 "$readmemb", "teste.txt", v0x563ad0c13530 {0 0 0};
    %vpi_call 2 29 "$dumpfile", "saida.vcd" {0 0 0};
    %vpi_call 2 30 "$dumpvars", 32'sb00000000000000000000000000000000, S_0x563ad0bfcd30 {0 0 0};
    %vpi_call 2 32 "$monitor", "clk=%b, reset=%b, codigo=%b, entrada=%b, saida=%b", v0x563ad0c133d0_0, v0x563ad0c137b0_0, v0x563ad0c13490_0, v0x563ad0c135d0_0, v0x563ad0c13850_0 {0 0 0};
    %pushi/vec4 0, 0, 32;
    %store/vec4 v0x563ad0c136a0_0, 0, 32;
T_2.0 ;
    %load/vec4 v0x563ad0c136a0_0;
    %cmpi/s 4, 0, 32;
    %jmp/0xz T_2.1, 5;
    %delay 1, 0;
    %ix/getv/s 4, v0x563ad0c136a0_0;
    %load/vec4a v0x563ad0c13530, 4;
    %parti/s 1, 11, 5;
    %store/vec4 v0x563ad0c137b0_0, 0, 1;
    %ix/getv/s 4, v0x563ad0c136a0_0;
    %load/vec4a v0x563ad0c13530, 4;
    %parti/s 3, 8, 5;
    %store/vec4 v0x563ad0c13490_0, 0, 3;
    %ix/getv/s 4, v0x563ad0c136a0_0;
    %load/vec4a v0x563ad0c13530, 4;
    %parti/s 8, 0, 2;
    %store/vec4 v0x563ad0c135d0_0, 0, 8;
    %delay 1, 0;
    %load/vec4 v0x563ad0c136a0_0;
    %addi 1, 0, 32;
    %store/vec4 v0x563ad0c136a0_0, 0, 32;
    %jmp T_2.0;
T_2.1 ;
    %vpi_call 2 42 "$finish" {0 0 0};
    %end;
    .thread T_2;
# The file index is used to find the file name in the following table.
:file_names 4;
    "N/A";
    "<interactive>";
    "tb.v";
    "calculadora_sincrona.v";
